<?xml version="1.0" encoding="UTF-8"?>
  <testsuite name="OpenClusterManagementE2E Suite" tests="17" failures="0" errors="0" time="309.411">
      <testcase name="Given a hub cluster web console when the user is already authenticated should allow the user to view and create Cloud Connections (cluster/g0)" classname="OpenClusterManagementE2E Suite" time="56.444730965"></testcase>
      <testcase name="Given a hub API should have the expected deployments in open-cluster-management namespace (install/g0)" classname="OpenClusterManagementE2E Suite" time="0.000494626">
          <skipped></skipped>
      </testcase>
      <testcase name="Given a hub API should have the expected deployments in hive namespace (install/g0)" classname="OpenClusterManagementE2E Suite" time="0.000391913">
          <skipped></skipped>
      </testcase>
      <testcase name="Given a hub API should be able to provision an AWS cluster using hive (cluster/g5/hive/aws)" classname="OpenClusterManagementE2E Suite" time="0.000322172">
          <skipped></skipped>
      </testcase>
      <testcase name="Given a hub API should be able to provision a GCP cluster using hive (cluster/g5/hive/gcp)" classname="OpenClusterManagementE2E Suite" time="0.000363001">
          <skipped></skipped>
      </testcase>
      <testcase name="Given a hub cluster web console should allow the user to login to web console (ui/g0)" classname="OpenClusterManagementE2E Suite" time="3.904919301"></testcase>
      <testcase name="Given a hub cluster web console when the user is already authenticated should allow the user to view the Overview (ui/g0)" classname="OpenClusterManagementE2E Suite" time="3.922490296"></testcase>
      <testcase name="Given a hub cluster web console when the user is already authenticated should allow the user to view the Cluster Overview (cluster/g0)" classname="OpenClusterManagementE2E Suite" time="3.872247394"></testcase>
      <testcase name="Given a hub cluster web console when the user is already authenticated should allow the user to import the local cluster (cluster/g0)" classname="OpenClusterManagementE2E Suite" time="8.914069884"></testcase>
      <testcase name="Given a hub cluster web console when the user is already authenticated should allow the user to view the Search Engine (search/g0)" classname="OpenClusterManagementE2E Suite" time="3.869316542"></testcase>
      <testcase name="Given a hub cluster web console when the user is already authenticated should allow the user to view the Visual Web Terminal (vwt/g0)" classname="OpenClusterManagementE2E Suite" time="5.691716996"></testcase>
      <testcase name="Given a hub cluster web console when the user is already authenticated should allow the user to view Applications (apps/g0)" classname="OpenClusterManagementE2E Suite" time="5.9779971419999995"></testcase>
      <testcase name="Given a hub cluster web console when the user is already authenticated should allow the user to view Policies (grc/g0)" classname="OpenClusterManagementE2E Suite" time="6.4623458320000005"></testcase>
      <testcase name="Given a hub cluster web console when the user is already authenticated should have a button to create new Policies (grc/g0)" classname="OpenClusterManagementE2E Suite" time="3.918657285"></testcase>
      <testcase name="Given a hub cluster web console when the user is already authenticated should be able to create a simple policy (grc/g0)" classname="OpenClusterManagementE2E Suite" time="10.685122758"></testcase>
      <testcase name="Given a hub cluster web console when the user is already authenticated should allow the user to view the Topology (topology/g0)" classname="OpenClusterManagementE2E Suite" time="12.911240885"></testcase>
      <testcase name="Manual import cluster should have crds (cluster/g0/manual-import-service-resources)" classname="OpenClusterManagementE2E Suite" time="0.036192119"></testcase>
      <testcase name="Manual import cluster should have crds (cluster/g0/manual-import-crds)" classname="OpenClusterManagementE2E Suite" time="0.022192176"></testcase>
      <testcase name="Manual import cluster should have deployments in open-cluster-management (cluster/g0/manual-import-deployments-in-open-cluster-management)" classname="OpenClusterManagementE2E Suite" time="0.832637809"></testcase>
      <testcase name="Manual import cluster should request the manual import of a cluster (cluster/g0/manual-import-create)" classname="OpenClusterManagementE2E Suite" time="90.928018929"></testcase>
      <testcase name="Manual import cluster should request the manual deletion of the imported cluster (cluster/g0/manual-import-delete)" classname="OpenClusterManagementE2E Suite" time="90.50446299"></testcase>
  </testsuite>