<?xml version="1.0" encoding="UTF-8"?>
  <testsuite name="OpenClusterManagementE2E Suite" tests="14" failures="2" errors="0" time="111.192">
      <testcase name="Given a hub cluster web console should allow the user to login to web console" classname="OpenClusterManagementE2E Suite" time="21.606240569"></testcase>
      <testcase name="Given a hub cluster web console when the user is already authenticated should allow the user to view the Overview" classname="OpenClusterManagementE2E Suite" time="2.789299005"></testcase>
      <testcase name="Given a hub cluster web console when the user is already authenticated should allow the user to view the Cluster Overview" classname="OpenClusterManagementE2E Suite" time="15.749445112">
          <failure type="Failure">/go/src/github.com/open-cluster-management/open-cluster-management-e2e/console_smoke_test.go:102&#xA;Timed out after 10.000s.&#xA;Expected selection &#39;Class: ace_content [single]&#39; to be found&#xA;/go/src/github.com/open-cluster-management/open-cluster-management-e2e/console_smoke_test.go:119</failure>
          <system-out>�[1mSTEP�[0m: redirecting the user to the OpenShift login form&#xA;�[1mSTEP�[0m: allowing the user to fill out the login form and submit it&#xA;�[1mSTEP�[0m: navigating to /multicloud/clusters&#xA;</system-out>
      </testcase>
      <testcase name="Given a hub cluster web console when the user is already authenticated should allow the user to import the local cluster" classname="OpenClusterManagementE2E Suite" time="12.892739207"></testcase>
      <testcase name="Given a hub cluster web console when the user is already authenticated should allow the user to view the Search Engine" classname="OpenClusterManagementE2E Suite" time="2.717399284"></testcase>
      <testcase name="Given a hub cluster web console when the user is already authenticated should allow the user to view the Visual Web Terminal" classname="OpenClusterManagementE2E Suite" time="4.294318978"></testcase>
      <testcase name="Given a hub cluster web console when the user is already authenticated should allow the user to view Applications" classname="OpenClusterManagementE2E Suite" time="14.596586337"></testcase>
      <testcase name="Given a hub cluster web console when the user is already authenticated should allow the user to view Policies" classname="OpenClusterManagementE2E Suite" time="8.211054203"></testcase>
      <testcase name="Given a hub cluster web console when the user is already authenticated should have a button to create new Policies" classname="OpenClusterManagementE2E Suite" time="2.775814624"></testcase>
      <testcase name="Given a hub cluster web console when the user is already authenticated should be able to create a simple policy" classname="OpenClusterManagementE2E Suite" time="9.943794923"></testcase>
      <testcase name="Given a hub cluster web console when the user is already authenticated should have a ability to show Policy overview and details" classname="OpenClusterManagementE2E Suite" time="3.443463268"></testcase>
      <testcase name="Given a hub cluster web console when the user is already authenticated should allow the user to view the Topology" classname="OpenClusterManagementE2E Suite" time="11.658745462"></testcase>
      <testcase name="Given a hub API should have the expected Deployments in namespace: open-cluster-management" classname="OpenClusterManagementE2E Suite" time="0.007970754">
          <failure type="Failure">/go/src/github.com/open-cluster-management/open-cluster-management-e2e/api_test.go:24&#xA;Unexpected non-nil/non-zero extra argument at index 1:&#xA;&#x9;&lt;*errors.StatusError&gt;: &amp;errors.StatusError{ErrStatus:v1.Status{TypeMeta:v1.TypeMeta{Kind:&#34;&#34;, APIVersion:&#34;&#34;}, ListMeta:v1.ListMeta{SelfLink:&#34;&#34;, ResourceVersion:&#34;&#34;, Continue:&#34;&#34;, RemainingItemCount:(*int64)(nil)}, Status:&#34;Failure&#34;, Message:&#34;deployments.apps \&#34;rcm-api\&#34; not found&#34;, Reason:&#34;NotFound&#34;, Details:(*v1.StatusDetails)(0xc0001b05a0), Code:404}}&#xA;/go/src/github.com/open-cluster-management/open-cluster-management-e2e/api_test.go:33</failure>
      </testcase>
      <testcase name="Given a hub API should be able to provision a cluster using hive" classname="OpenClusterManagementE2E Suite" time="0.000558299"></testcase>
  </testsuite>