<?xml version="1.0" encoding="UTF-8"?>
  <testsuite name="OpenClusterManagementE2E Suite" tests="18" failures="1" errors="0" time="264.088">
      <testcase name="Given a hub cluster web console should allow the user to login to web console" classname="OpenClusterManagementE2E Suite" time="4.390276403"></testcase>
      <testcase name="Given a hub cluster web console when the user is already authenticated should allow the user to view the Overview" classname="OpenClusterManagementE2E Suite" time="4.223246725"></testcase>
      <testcase name="Given a hub cluster web console when the user is already authenticated should allow the user to view the Cluster Overview" classname="OpenClusterManagementE2E Suite" time="15.193136163"></testcase>
      <testcase name="Given a hub cluster web console when the user is already authenticated should allow the user to import the local cluster" classname="OpenClusterManagementE2E Suite" time="9.357263073"></testcase>
      <testcase name="Given a hub cluster web console when the user is already authenticated should allow the user to view the Search Engine" classname="OpenClusterManagementE2E Suite" time="4.455066088"></testcase>
      <testcase name="Given a hub cluster web console when the user is already authenticated should allow the user to view the Visual Web Terminal" classname="OpenClusterManagementE2E Suite" time="6.21189263"></testcase>
      <testcase name="Given a hub cluster web console when the user is already authenticated should allow the user to view Applications" classname="OpenClusterManagementE2E Suite" time="4.672042566"></testcase>
      <testcase name="Given a hub cluster web console when the user is already authenticated should allow the user to view Policies" classname="OpenClusterManagementE2E Suite" time="5.622330049"></testcase>
      <testcase name="Given a hub cluster web console when the user is already authenticated should have a button to create new Policies" classname="OpenClusterManagementE2E Suite" time="4.509814831"></testcase>
      <testcase name="Given a hub cluster web console when the user is already authenticated should be able to create a simple policy" classname="OpenClusterManagementE2E Suite" time="11.256233126"></testcase>
      <testcase name="Given a hub cluster web console when the user is already authenticated should have a ability to show Policy overview and details" classname="OpenClusterManagementE2E Suite" time="5.522084191"></testcase>
      <testcase name="Given a hub cluster web console when the user is already authenticated should allow the user to view the Topology" classname="OpenClusterManagementE2E Suite" time="4.7071879899999995"></testcase>
      <testcase name="Manual import cluster should request the manual import of a cluster (manual-import-create)" classname="OpenClusterManagementE2E Suite" time="61.532284818"></testcase>
      <testcase name="Manual import cluster should request the manual deletion of the imported cluster (manual-import-delete)" classname="OpenClusterManagementE2E Suite" time="120.962242702"></testcase>
      <testcase name="Given a hub API should have the expected Deployments in namespace: open-cluster-management" classname="OpenClusterManagementE2E Suite" time="0.412347819"></testcase>
      <testcase name="Given a hub API should have the expected Deployments in namespace: hive" classname="OpenClusterManagementE2E Suite" time="0.098586917"></testcase>
      <testcase name="Given a hub API should be able to provision a cluster using hive" classname="OpenClusterManagementE2E Suite" time="0.032312221"></testcase>
      <testcase name="Given a hub cluster web console when the user is already authenticated should allow the user to view and create Cloud Connections" classname="OpenClusterManagementE2E Suite" time="0.409941608">
          <failure type="Failure">/go/src/github.com/open-cluster-management/open-cluster-management-e2e/cluster_create_test.go:57&#xA;Expected success, but got an error:&#xA;    &lt;*errors.errorString | 0xc0004efe60&gt;: {&#xA;        s: &#34;failed to navigate: request unsuccessful: invalid session id&#34;,&#xA;    }&#xA;    failed to navigate: request unsuccessful: invalid session id&#xA;/go/src/github.com/open-cluster-management/open-cluster-management-e2e/cluster_create_test.go:59</failure>
          <system-out>�[1mSTEP�[0m: redirecting the user to the OpenShift login form&#xA;</system-out>
      </testcase>
      <testcase name="Given a hub cluster web console when the user is already authenticated should allow the user to view and create Cloud Connections" classname="OpenClusterManagementE2E Suite" time="0.409941608">
          <failure type="Failure">/go/src/github.com/open-cluster-management/open-cluster-management-e2e/cluster_create_test.go:57&#xA;Expected success, but got an error:&#xA;    &lt;*errors.errorString | 0xc0004efe60&gt;: {&#xA;        s: &#34;failed to navigate: request unsuccessful: invalid session id&#34;,&#xA;    }&#xA;    failed to navigate: request unsuccessful: invalid session id&#xA;/go/src/github.com/open-cluster-management/open-cluster-management-e2e/cluster_create_test.go:59</failure>
          <system-out>�[1mSTEP�[0m: redirecting the user to the OpenShift login form&#xA;</system-out>
      </testcase>
      <testcase name="Given a hub cluster web console when the user is already authenticated should allow the user to view and create Cloud Connections" classname="OpenClusterManagementE2E Suite" time="0.409941608">
          <failure type="Failure">/go/src/github.com/open-cluster-management/open-cluster-management-e2e/cluster_create_test.go:57&#xA;Expected success, but got an error:&#xA;    &lt;*errors.errorString | 0xc0004efe60&gt;: {&#xA;        s: &#34;failed to navigate: request unsuccessful: invalid session id&#34;,&#xA;    }&#xA;    failed to navigate: request unsuccessful: invalid session id&#xA;/go/src/github.com/open-cluster-management/open-cluster-management-e2e/cluster_create_test.go:59</failure>
          <system-out>�[1mSTEP�[0m: redirecting the user to the OpenShift login form&#xA;</system-out>
      </testcase>
      <testcase name="Given a hub cluster web console when the user is already authenticated should allow the user to view and create Cloud Connections" classname="OpenClusterManagementE2E Suite" time="0.409941608">
          <failure type="Failure">/go/src/github.com/open-cluster-management/open-cluster-management-e2e/cluster_create_test.go:57&#xA;Expected success, but got an error:&#xA;    &lt;*errors.errorString | 0xc0004efe60&gt;: {&#xA;        s: &#34;failed to navigate: request unsuccessful: invalid session id&#34;,&#xA;    }&#xA;    failed to navigate: request unsuccessful: invalid session id&#xA;/go/src/github.com/open-cluster-management/open-cluster-management-e2e/cluster_create_test.go:59</failure>
          <system-out>�[1mSTEP�[0m: redirecting the user to the OpenShift login form&#xA;</system-out>
      </testcase>
      <testcase name="Given a hub cluster web console when the user is already authenticated should allow the user to view and create Cloud Connections" classname="OpenClusterManagementE2E Suite" time="0.409941608">
          <failure type="Failure">/go/src/github.com/open-cluster-management/open-cluster-management-e2e/cluster_create_test.go:57&#xA;Expected success, but got an error:&#xA;    &lt;*errors.errorString | 0xc0004efe60&gt;: {&#xA;        s: &#34;failed to navigate: request unsuccessful: invalid session id&#34;,&#xA;    }&#xA;    failed to navigate: request unsuccessful: invalid session id&#xA;/go/src/github.com/open-cluster-management/open-cluster-management-e2e/cluster_create_test.go:59</failure>
          <system-out>�[1mSTEP�[0m: redirecting the user to the OpenShift login form&#xA;</system-out>
      </testcase>
      <testcase name="Given a hub cluster web console when the user is already authenticated should allow the user to view and create Cloud Connections" classname="OpenClusterManagementE2E Suite" time="0.409941608">
          <failure type="Failure">/go/src/github.com/open-cluster-management/open-cluster-management-e2e/cluster_create_test.go:57&#xA;Expected success, but got an error:&#xA;    &lt;*errors.errorString | 0xc0004efe60&gt;: {&#xA;        s: &#34;failed to navigate: request unsuccessful: invalid session id&#34;,&#xA;    }&#xA;    failed to navigate: request unsuccessful: invalid session id&#xA;/go/src/github.com/open-cluster-management/open-cluster-management-e2e/cluster_create_test.go:59</failure>
          <system-out>�[1mSTEP�[0m: redirecting the user to the OpenShift login form&#xA;</system-out>
      </testcase>
      <testcase name="Given a hub cluster web console when the user is already authenticated should allow the user to view and create Cloud Connections" classname="OpenClusterManagementE2E Suite" time="0.409941608">
          <failure type="Failure">/go/src/github.com/open-cluster-management/open-cluster-management-e2e/cluster_create_test.go:57&#xA;Expected success, but got an error:&#xA;    &lt;*errors.errorString | 0xc0004efe60&gt;: {&#xA;        s: &#34;failed to navigate: request unsuccessful: invalid session id&#34;,&#xA;    }&#xA;    failed to navigate: request unsuccessful: invalid session id&#xA;/go/src/github.com/open-cluster-management/open-cluster-management-e2e/cluster_create_test.go:59</failure>
          <system-out>�[1mSTEP�[0m: redirecting the user to the OpenShift login form&#xA;</system-out>
      </testcase>
      <testcase name="Given a hub cluster web console when the user is already authenticated should allow the user to view and create Cloud Connections" classname="OpenClusterManagementE2E Suite" time="0.409941608">
          <failure type="Failure">/go/src/github.com/open-cluster-management/open-cluster-management-e2e/cluster_create_test.go:57&#xA;Expected success, but got an error:&#xA;    &lt;*errors.errorString | 0xc0004efe60&gt;: {&#xA;        s: &#34;failed to navigate: request unsuccessful: invalid session id&#34;,&#xA;    }&#xA;    failed to navigate: request unsuccessful: invalid session id&#xA;/go/src/github.com/open-cluster-management/open-cluster-management-e2e/cluster_create_test.go:59</failure>
          <system-out>�[1mSTEP�[0m: redirecting the user to the OpenShift login form&#xA;</system-out>
      </testcase>
      <testcase name="Given a hub cluster web console when the user is already authenticated should allow the user to view and create Cloud Connections" classname="OpenClusterManagementE2E Suite" time="0.409941608">
          <failure type="Failure">/go/src/github.com/open-cluster-management/open-cluster-management-e2e/cluster_create_test.go:57&#xA;Expected success, but got an error:&#xA;    &lt;*errors.errorString | 0xc0004efe60&gt;: {&#xA;        s: &#34;failed to navigate: request unsuccessful: invalid session id&#34;,&#xA;    }&#xA;    failed to navigate: request unsuccessful: invalid session id&#xA;/go/src/github.com/open-cluster-management/open-cluster-management-e2e/cluster_create_test.go:59</failure>
          <system-out>�[1mSTEP�[0m: redirecting the user to the OpenShift login form&#xA;</system-out>
      </testcase>
      <testcase name="Given a hub cluster web console when the user is already authenticated should allow the user to view and create Cloud Connections" classname="OpenClusterManagementE2E Suite" time="0.409941608">
          <failure type="Failure">/go/src/github.com/open-cluster-management/open-cluster-management-e2e/cluster_create_test.go:57&#xA;Expected success, but got an error:&#xA;    &lt;*errors.errorString | 0xc0004efe60&gt;: {&#xA;        s: &#34;failed to navigate: request unsuccessful: invalid session id&#34;,&#xA;    }&#xA;    failed to navigate: request unsuccessful: invalid session id&#xA;/go/src/github.com/open-cluster-management/open-cluster-management-e2e/cluster_create_test.go:59</failure>
          <system-out>�[1mSTEP�[0m: redirecting the user to the OpenShift login form&#xA;</system-out>
      </testcase>
      <testcase name="Given a hub cluster web console when the user is already authenticated should allow the user to view and create Cloud Connections" classname="OpenClusterManagementE2E Suite" time="0.409941608">
          <failure type="Failure">/go/src/github.com/open-cluster-management/open-cluster-management-e2e/cluster_create_test.go:57&#xA;Expected success, but got an error:&#xA;    &lt;*errors.errorString | 0xc0004efe60&gt;: {&#xA;        s: &#34;failed to navigate: request unsuccessful: invalid session id&#34;,&#xA;    }&#xA;    failed to navigate: request unsuccessful: invalid session id&#xA;/go/src/github.com/open-cluster-management/open-cluster-management-e2e/cluster_create_test.go:59</failure>
          <system-out>�[1mSTEP�[0m: redirecting the user to the OpenShift login form&#xA;</system-out>
      </testcase>
      <testcase name="Given a hub cluster web console when the user is already authenticated should allow the user to view and create Cloud Connections" classname="OpenClusterManagementE2E Suite" time="0.409941608">
          <failure type="Failure">/go/src/github.com/open-cluster-management/open-cluster-management-e2e/cluster_create_test.go:57&#xA;Expected success, but got an error:&#xA;    &lt;*errors.errorString | 0xc0004efe60&gt;: {&#xA;        s: &#34;failed to navigate: request unsuccessful: invalid session id&#34;,&#xA;    }&#xA;    failed to navigate: request unsuccessful: invalid session id&#xA;/go/src/github.com/open-cluster-management/open-cluster-management-e2e/cluster_create_test.go:59</failure>
          <system-out>�[1mSTEP�[0m: redirecting the user to the OpenShift login form&#xA;</system-out>
      </testcase>
      <testcase name="Given a hub cluster web console when the user is already authenticated should allow the user to view and create Cloud Connections" classname="OpenClusterManagementE2E Suite" time="0.409941608">
          <failure type="Failure">/go/src/github.com/open-cluster-management/open-cluster-management-e2e/cluster_create_test.go:57&#xA;Expected success, but got an error:&#xA;    &lt;*errors.errorString | 0xc0004efe60&gt;: {&#xA;        s: &#34;failed to navigate: request unsuccessful: invalid session id&#34;,&#xA;    }&#xA;    failed to navigate: request unsuccessful: invalid session id&#xA;/go/src/github.com/open-cluster-management/open-cluster-management-e2e/cluster_create_test.go:59</failure>
          <system-out>�[1mSTEP�[0m: redirecting the user to the OpenShift login form&#xA;</system-out>
      </testcase>
      <testcase name="Given a hub cluster web console when the user is already authenticated should allow the user to view and create Cloud Connections" classname="OpenClusterManagementE2E Suite" time="0.409941608">
          <failure type="Failure">/go/src/github.com/open-cluster-management/open-cluster-management-e2e/cluster_create_test.go:57&#xA;Expected success, but got an error:&#xA;    &lt;*errors.errorString | 0xc0004efe60&gt;: {&#xA;        s: &#34;failed to navigate: request unsuccessful: invalid session id&#34;,&#xA;    }&#xA;    failed to navigate: request unsuccessful: invalid session id&#xA;/go/src/github.com/open-cluster-management/open-cluster-management-e2e/cluster_create_test.go:59</failure>
          <system-out>�[1mSTEP�[0m: redirecting the user to the OpenShift login form&#xA;</system-out>
      </testcase>
      <testcase name="Given a hub cluster web console when the user is already authenticated should allow the user to view and create Cloud Connections" classname="OpenClusterManagementE2E Suite" time="0.409941608">
          <failure type="Failure">/go/src/github.com/open-cluster-management/open-cluster-management-e2e/cluster_create_test.go:57&#xA;Expected success, but got an error:&#xA;    &lt;*errors.errorString | 0xc0004efe60&gt;: {&#xA;        s: &#34;failed to navigate: request unsuccessful: invalid session id&#34;,&#xA;    }&#xA;    failed to navigate: request unsuccessful: invalid session id&#xA;/go/src/github.com/open-cluster-management/open-cluster-management-e2e/cluster_create_test.go:59</failure>
          <system-out>�[1mSTEP�[0m: redirecting the user to the OpenShift login form&#xA;</system-out>
      </testcase>
      <testcase name="Given a hub cluster web console when the user is already authenticated should allow the user to view and create Cloud Connections" classname="OpenClusterManagementE2E Suite" time="0.409941608">
          <failure type="Failure">/go/src/github.com/open-cluster-management/open-cluster-management-e2e/cluster_create_test.go:57&#xA;Expected success, but got an error:&#xA;    &lt;*errors.errorString | 0xc0004efe60&gt;: {&#xA;        s: &#34;failed to navigate: request unsuccessful: invalid session id&#34;,&#xA;    }&#xA;    failed to navigate: request unsuccessful: invalid session id&#xA;/go/src/github.com/open-cluster-management/open-cluster-management-e2e/cluster_create_test.go:59</failure>
          <system-out>�[1mSTEP�[0m: redirecting the user to the OpenShift login form&#xA;</system-out>
      </testcase>
      <testcase name="Given a hub cluster web console when the user is already authenticated should allow the user to view and create Cloud Connections" classname="OpenClusterManagementE2E Suite" time="0.409941608">
          <failure type="Failure">/go/src/github.com/open-cluster-management/open-cluster-management-e2e/cluster_create_test.go:57&#xA;Expected success, but got an error:&#xA;    &lt;*errors.errorString | 0xc0004efe60&gt;: {&#xA;        s: &#34;failed to navigate: request unsuccessful: invalid session id&#34;,&#xA;    }&#xA;    failed to navigate: request unsuccessful: invalid session id&#xA;/go/src/github.com/open-cluster-management/open-cluster-management-e2e/cluster_create_test.go:59</failure>
          <system-out>�[1mSTEP�[0m: redirecting the user to the OpenShift login form&#xA;</system-out>
      </testcase>
      <testcase name="Given a hub cluster web console when the user is already authenticated should allow the user to view and create Cloud Connections" classname="OpenClusterManagementE2E Suite" time="0.409941608">
          <failure type="Failure">/go/src/github.com/open-cluster-management/open-cluster-management-e2e/cluster_create_test.go:57&#xA;Expected success, but got an error:&#xA;    &lt;*errors.errorString | 0xc0004efe60&gt;: {&#xA;        s: &#34;failed to navigate: request unsuccessful: invalid session id&#34;,&#xA;    }&#xA;    failed to navigate: request unsuccessful: invalid session id&#xA;/go/src/github.com/open-cluster-management/open-cluster-management-e2e/cluster_create_test.go:59</failure>
          <system-out>�[1mSTEP�[0m: redirecting the user to the OpenShift login form&#xA;</system-out>
      </testcase>
      <testcase name="Given a hub cluster web console when the user is already authenticated should allow the user to view and create Cloud Connections" classname="OpenClusterManagementE2E Suite" time="0.409941608">
          <failure type="Failure">/go/src/github.com/open-cluster-management/open-cluster-management-e2e/cluster_create_test.go:57&#xA;Expected success, but got an error:&#xA;    &lt;*errors.errorString | 0xc0004efe60&gt;: {&#xA;        s: &#34;failed to navigate: request unsuccessful: invalid session id&#34;,&#xA;    }&#xA;    failed to navigate: request unsuccessful: invalid session id&#xA;/go/src/github.com/open-cluster-management/open-cluster-management-e2e/cluster_create_test.go:59</failure>
          <system-out>�[1mSTEP�[0m: redirecting the user to the OpenShift login form&#xA;</system-out>
      </testcase>
      <testcase name="Given a hub cluster web console when the user is already authenticated should allow the user to view and create Cloud Connections" classname="OpenClusterManagementE2E Suite" time="0.409941608">
          <failure type="Failure">/go/src/github.com/open-cluster-management/open-cluster-management-e2e/cluster_create_test.go:57&#xA;Expected success, but got an error:&#xA;    &lt;*errors.errorString | 0xc0004efe60&gt;: {&#xA;        s: &#34;failed to navigate: request unsuccessful: invalid session id&#34;,&#xA;    }&#xA;    failed to navigate: request unsuccessful: invalid session id&#xA;/go/src/github.com/open-cluster-management/open-cluster-management-e2e/cluster_create_test.go:59</failure>
          <system-out>�[1mSTEP�[0m: redirecting the user to the OpenShift login form&#xA;</system-out>
      </testcase>
      <testcase name="Given a hub cluster web console when the user is already authenticated should allow the user to view and create Cloud Connections" classname="OpenClusterManagementE2E Suite" time="0.409941608">
          <failure type="Failure">/go/src/github.com/open-cluster-management/open-cluster-management-e2e/cluster_create_test.go:57&#xA;Expected success, but got an error:&#xA;    &lt;*errors.errorString | 0xc0004efe60&gt;: {&#xA;        s: &#34;failed to navigate: request unsuccessful: invalid session id&#34;,&#xA;    }&#xA;    failed to navigate: request unsuccessful: invalid session id&#xA;/go/src/github.com/open-cluster-management/open-cluster-management-e2e/cluster_create_test.go:59</failure>
          <system-out>�[1mSTEP�[0m: redirecting the user to the OpenShift login form&#xA;</system-out>
      </testcase>
      <testcase name="Given a hub cluster web console when the user is already authenticated should allow the user to view and create Cloud Connections" classname="OpenClusterManagementE2E Suite" time="0.409941608">
          <failure type="Failure">/go/src/github.com/open-cluster-management/open-cluster-management-e2e/cluster_create_test.go:57&#xA;Expected success, but got an error:&#xA;    &lt;*errors.errorString | 0xc0004efe60&gt;: {&#xA;        s: &#34;failed to navigate: request unsuccessful: invalid session id&#34;,&#xA;    }&#xA;    failed to navigate: request unsuccessful: invalid session id&#xA;/go/src/github.com/open-cluster-management/open-cluster-management-e2e/cluster_create_test.go:59</failure>
          <system-out>�[1mSTEP�[0m: redirecting the user to the OpenShift login form&#xA;</system-out>
      </testcase>
      <testcase name="Given a hub cluster web console when the user is already authenticated should allow the user to view and create Cloud Connections" classname="OpenClusterManagementE2E Suite" time="0.409941608">
          <failure type="Failure">/go/src/github.com/open-cluster-management/open-cluster-management-e2e/cluster_create_test.go:57&#xA;Expected success, but got an error:&#xA;    &lt;*errors.errorString | 0xc0004efe60&gt;: {&#xA;        s: &#34;failed to navigate: request unsuccessful: invalid session id&#34;,&#xA;    }&#xA;    failed to navigate: request unsuccessful: invalid session id&#xA;/go/src/github.com/open-cluster-management/open-cluster-management-e2e/cluster_create_test.go:59</failure>
          <system-out>�[1mSTEP�[0m: redirecting the user to the OpenShift login form&#xA;</system-out>
      </testcase>
      <testcase name="Given a hub cluster web console when the user is already authenticated should allow the user to view and create Cloud Connections" classname="OpenClusterManagementE2E Suite" time="0.409941608">
          <failure type="Failure">/go/src/github.com/open-cluster-management/open-cluster-management-e2e/cluster_create_test.go:57&#xA;Expected success, but got an error:&#xA;    &lt;*errors.errorString | 0xc0004efe60&gt;: {&#xA;        s: &#34;failed to navigate: request unsuccessful: invalid session id&#34;,&#xA;    }&#xA;    failed to navigate: request unsuccessful: invalid session id&#xA;/go/src/github.com/open-cluster-management/open-cluster-management-e2e/cluster_create_test.go:59</failure>
          <system-out>�[1mSTEP�[0m: redirecting the user to the OpenShift login form&#xA;</system-out>
      </testcase>
      <testcase name="Given a hub cluster web console when the user is already authenticated should allow the user to view and create Cloud Connections" classname="OpenClusterManagementE2E Suite" time="0.409941608">
          <failure type="Failure">/go/src/github.com/open-cluster-management/open-cluster-management-e2e/cluster_create_test.go:57&#xA;Expected success, but got an error:&#xA;    &lt;*errors.errorString | 0xc0004efe60&gt;: {&#xA;        s: &#34;failed to navigate: request unsuccessful: invalid session id&#34;,&#xA;    }&#xA;    failed to navigate: request unsuccessful: invalid session id&#xA;/go/src/github.com/open-cluster-management/open-cluster-management-e2e/cluster_create_test.go:59</failure>
          <system-out>�[1mSTEP�[0m: redirecting the user to the OpenShift login form&#xA;</system-out>
      </testcase>
      <testcase name="Given a hub cluster web console when the user is already authenticated should allow the user to view and create Cloud Connections" classname="OpenClusterManagementE2E Suite" time="0.409941608">
          <failure type="Failure">/go/src/github.com/open-cluster-management/open-cluster-management-e2e/cluster_create_test.go:57&#xA;Expected success, but got an error:&#xA;    &lt;*errors.errorString | 0xc0004efe60&gt;: {&#xA;        s: &#34;failed to navigate: request unsuccessful: invalid session id&#34;,&#xA;    }&#xA;    failed to navigate: request unsuccessful: invalid session id&#xA;/go/src/github.com/open-cluster-management/open-cluster-management-e2e/cluster_create_test.go:59</failure>
          <system-out>�[1mSTEP�[0m: redirecting the user to the OpenShift login form&#xA;</system-out>
      </testcase>
      <testcase name="Given a hub cluster web console when the user is already authenticated should allow the user to view and create Cloud Connections" classname="OpenClusterManagementE2E Suite" time="0.409941608">
          <failure type="Failure">/go/src/github.com/open-cluster-management/open-cluster-management-e2e/cluster_create_test.go:57&#xA;Expected success, but got an error:&#xA;    &lt;*errors.errorString | 0xc0004efe60&gt;: {&#xA;        s: &#34;failed to navigate: request unsuccessful: invalid session id&#34;,&#xA;    }&#xA;    failed to navigate: request unsuccessful: invalid session id&#xA;/go/src/github.com/open-cluster-management/open-cluster-management-e2e/cluster_create_test.go:59</failure>
          <system-out>�[1mSTEP�[0m: redirecting the user to the OpenShift login form&#xA;</system-out>
      </testcase>
      <testcase name="Given a hub cluster web console when the user is already authenticated should allow the user to view and create Cloud Connections" classname="OpenClusterManagementE2E Suite" time="0.409941608">
          <failure type="Failure">/go/src/github.com/open-cluster-management/open-cluster-management-e2e/cluster_create_test.go:57&#xA;Expected success, but got an error:&#xA;    &lt;*errors.errorString | 0xc0004efe60&gt;: {&#xA;        s: &#34;failed to navigate: request unsuccessful: invalid session id&#34;,&#xA;    }&#xA;    failed to navigate: request unsuccessful: invalid session id&#xA;/go/src/github.com/open-cluster-management/open-cluster-management-e2e/cluster_create_test.go:59</failure>
          <system-out>�[1mSTEP�[0m: redirecting the user to the OpenShift login form&#xA;</system-out>
      </testcase>
      <testcase name="Given a hub cluster web console when the user is already authenticated should allow the user to view and create Cloud Connections" classname="OpenClusterManagementE2E Suite" time="0.409941608">
          <failure type="Failure">/go/src/github.com/open-cluster-management/open-cluster-management-e2e/cluster_create_test.go:57&#xA;Expected success, but got an error:&#xA;    &lt;*errors.errorString | 0xc0004efe60&gt;: {&#xA;        s: &#34;failed to navigate: request unsuccessful: invalid session id&#34;,&#xA;    }&#xA;    failed to navigate: request unsuccessful: invalid session id&#xA;/go/src/github.com/open-cluster-management/open-cluster-management-e2e/cluster_create_test.go:59</failure>
          <system-out>�[1mSTEP�[0m: redirecting the user to the OpenShift login form&#xA;</system-out>
      </testcase>
      <testcase name="Given a hub cluster web console when the user is already authenticated should allow the user to view and create Cloud Connections" classname="OpenClusterManagementE2E Suite" time="0.409941608">
          <failure type="Failure">/go/src/github.com/open-cluster-management/open-cluster-management-e2e/cluster_create_test.go:57&#xA;Expected success, but got an error:&#xA;    &lt;*errors.errorString | 0xc0004efe60&gt;: {&#xA;        s: &#34;failed to navigate: request unsuccessful: invalid session id&#34;,&#xA;    }&#xA;    failed to navigate: request unsuccessful: invalid session id&#xA;/go/src/github.com/open-cluster-management/open-cluster-management-e2e/cluster_create_test.go:59</failure>
          <system-out>�[1mSTEP�[0m: redirecting the user to the OpenShift login form&#xA;</system-out>
      </testcase>
      <testcase name="Given a hub cluster web console when the user is already authenticated should allow the user to view and create Cloud Connections" classname="OpenClusterManagementE2E Suite" time="0.409941608">
          <failure type="Failure">/go/src/github.com/open-cluster-management/open-cluster-management-e2e/cluster_create_test.go:57&#xA;Expected success, but got an error:&#xA;    &lt;*errors.errorString | 0xc0004efe60&gt;: {&#xA;        s: &#34;failed to navigate: request unsuccessful: invalid session id&#34;,&#xA;    }&#xA;    failed to navigate: request unsuccessful: invalid session id&#xA;/go/src/github.com/open-cluster-management/open-cluster-management-e2e/cluster_create_test.go:59</failure>
          <system-out>�[1mSTEP�[0m: redirecting the user to the OpenShift login form&#xA;</system-out>
      </testcase>
      <testcase name="Given a hub cluster web console when the user is already authenticated should allow the user to view and create Cloud Connections" classname="OpenClusterManagementE2E Suite" time="0.409941608">
          <failure type="Failure">/go/src/github.com/open-cluster-management/open-cluster-management-e2e/cluster_create_test.go:57&#xA;Expected success, but got an error:&#xA;    &lt;*errors.errorString | 0xc0004efe60&gt;: {&#xA;        s: &#34;failed to navigate: request unsuccessful: invalid session id&#34;,&#xA;    }&#xA;    failed to navigate: request unsuccessful: invalid session id&#xA;/go/src/github.com/open-cluster-management/open-cluster-management-e2e/cluster_create_test.go:59</failure>
          <system-out>�[1mSTEP�[0m: redirecting the user to the OpenShift login form&#xA;</system-out>
      </testcase>
      <testcase name="Given a hub cluster web console when the user is already authenticated should allow the user to view and create Cloud Connections" classname="OpenClusterManagementE2E Suite" time="0.409941608">
          <failure type="Failure">/go/src/github.com/open-cluster-management/open-cluster-management-e2e/cluster_create_test.go:57&#xA;Expected success, but got an error:&#xA;    &lt;*errors.errorString | 0xc0004efe60&gt;: {&#xA;        s: &#34;failed to navigate: request unsuccessful: invalid session id&#34;,&#xA;    }&#xA;    failed to navigate: request unsuccessful: invalid session id&#xA;/go/src/github.com/open-cluster-management/open-cluster-management-e2e/cluster_create_test.go:59</failure>
          <system-out>�[1mSTEP�[0m: redirecting the user to the OpenShift login form&#xA;</system-out>
      </testcase>
      <testcase name="Given a hub cluster web console when the user is already authenticated should allow the user to view and create Cloud Connections" classname="OpenClusterManagementE2E Suite" time="0.409941608">
          <failure type="Failure">/go/src/github.com/open-cluster-management/open-cluster-management-e2e/cluster_create_test.go:57&#xA;Expected success, but got an error:&#xA;    &lt;*errors.errorString | 0xc0004efe60&gt;: {&#xA;        s: &#34;failed to navigate: request unsuccessful: invalid session id&#34;,&#xA;    }&#xA;    failed to navigate: request unsuccessful: invalid session id&#xA;/go/src/github.com/open-cluster-management/open-cluster-management-e2e/cluster_create_test.go:59</failure>
          <system-out>�[1mSTEP�[0m: redirecting the user to the OpenShift login form&#xA;</system-out>
      </testcase>
      <testcase name="Given a hub cluster web console when the user is already authenticated should allow the user to view and create Cloud Connections" classname="OpenClusterManagementE2E Suite" time="0.409941608">
          <failure type="Failure">/go/src/github.com/open-cluster-management/open-cluster-management-e2e/cluster_create_test.go:57&#xA;Expected success, but got an error:&#xA;    &lt;*errors.errorString | 0xc0004efe60&gt;: {&#xA;        s: &#34;failed to navigate: request unsuccessful: invalid session id&#34;,&#xA;    }&#xA;    failed to navigate: request unsuccessful: invalid session id&#xA;/go/src/github.com/open-cluster-management/open-cluster-management-e2e/cluster_create_test.go:59</failure>
          <system-out>�[1mSTEP�[0m: redirecting the user to the OpenShift login form&#xA;</system-out>
      </testcase>
      <testcase name="Given a hub cluster web console when the user is already authenticated should allow the user to view and create Cloud Connections" classname="OpenClusterManagementE2E Suite" time="0.409941608">
          <failure type="Failure">/go/src/github.com/open-cluster-management/open-cluster-management-e2e/cluster_create_test.go:57&#xA;Expected success, but got an error:&#xA;    &lt;*errors.errorString | 0xc0004efe60&gt;: {&#xA;        s: &#34;failed to navigate: request unsuccessful: invalid session id&#34;,&#xA;    }&#xA;    failed to navigate: request unsuccessful: invalid session id&#xA;/go/src/github.com/open-cluster-management/open-cluster-management-e2e/cluster_create_test.go:59</failure>
          <system-out>�[1mSTEP�[0m: redirecting the user to the OpenShift login form&#xA;</system-out>
      </testcase>
      <testcase name="Given a hub cluster web console when the user is already authenticated should allow the user to view and create Cloud Connections" classname="OpenClusterManagementE2E Suite" time="0.409941608">
          <failure type="Failure">/go/src/github.com/open-cluster-management/open-cluster-management-e2e/cluster_create_test.go:57&#xA;Expected success, but got an error:&#xA;    &lt;*errors.errorString | 0xc0004efe60&gt;: {&#xA;        s: &#34;failed to navigate: request unsuccessful: invalid session id&#34;,&#xA;    }&#xA;    failed to navigate: request unsuccessful: invalid session id&#xA;/go/src/github.com/open-cluster-management/open-cluster-management-e2e/cluster_create_test.go:59</failure>
          <system-out>�[1mSTEP�[0m: redirecting the user to the OpenShift login form&#xA;</system-out>
      </testcase>
      <testcase name="Given a hub cluster web console when the user is already authenticated should allow the user to view and create Cloud Connections" classname="OpenClusterManagementE2E Suite" time="0.409941608">
          <failure type="Failure">/go/src/github.com/open-cluster-management/open-cluster-management-e2e/cluster_create_test.go:57&#xA;Expected success, but got an error:&#xA;    &lt;*errors.errorString | 0xc0004efe60&gt;: {&#xA;        s: &#34;failed to navigate: request unsuccessful: invalid session id&#34;,&#xA;    }&#xA;    failed to navigate: request unsuccessful: invalid session id&#xA;/go/src/github.com/open-cluster-management/open-cluster-management-e2e/cluster_create_test.go:59</failure>
          <system-out>�[1mSTEP�[0m: redirecting the user to the OpenShift login form&#xA;</system-out>
      </testcase>
      <testcase name="Given a hub cluster web console when the user is already authenticated should allow the user to view and create Cloud Connections" classname="OpenClusterManagementE2E Suite" time="0.409941608">
          <failure type="Failure">/go/src/github.com/open-cluster-management/open-cluster-management-e2e/cluster_create_test.go:57&#xA;Expected success, but got an error:&#xA;    &lt;*errors.errorString | 0xc0004efe60&gt;: {&#xA;        s: &#34;failed to navigate: request unsuccessful: invalid session id&#34;,&#xA;    }&#xA;    failed to navigate: request unsuccessful: invalid session id&#xA;/go/src/github.com/open-cluster-management/open-cluster-management-e2e/cluster_create_test.go:59</failure>
          <system-out>�[1mSTEP�[0m: redirecting the user to the OpenShift login form&#xA;</system-out>
      </testcase>
      <testcase name="Given a hub cluster web console when the user is already authenticated should allow the user to view and create Cloud Connections" classname="OpenClusterManagementE2E Suite" time="0.409941608">
          <failure type="Failure">/go/src/github.com/open-cluster-management/open-cluster-management-e2e/cluster_create_test.go:57&#xA;Expected success, but got an error:&#xA;    &lt;*errors.errorString | 0xc0004efe60&gt;: {&#xA;        s: &#34;failed to navigate: request unsuccessful: invalid session id&#34;,&#xA;    }&#xA;    failed to navigate: request unsuccessful: invalid session id&#xA;/go/src/github.com/open-cluster-management/open-cluster-management-e2e/cluster_create_test.go:59</failure>
          <system-out>�[1mSTEP�[0m: redirecting the user to the OpenShift login form&#xA;</system-out>
      </testcase>
      <testcase name="Given a hub cluster web console when the user is already authenticated should allow the user to view and create Cloud Connections" classname="OpenClusterManagementE2E Suite" time="0.409941608">
          <failure type="Failure">/go/src/github.com/open-cluster-management/open-cluster-management-e2e/cluster_create_test.go:57&#xA;Expected success, but got an error:&#xA;    &lt;*errors.errorString | 0xc0004efe60&gt;: {&#xA;        s: &#34;failed to navigate: request unsuccessful: invalid session id&#34;,&#xA;    }&#xA;    failed to navigate: request unsuccessful: invalid session id&#xA;/go/src/github.com/open-cluster-management/open-cluster-management-e2e/cluster_create_test.go:59</failure>
          <system-out>�[1mSTEP�[0m: redirecting the user to the OpenShift login form&#xA;</system-out>
      </testcase>
      <testcase name="Given a hub cluster web console when the user is already authenticated should allow the user to view and create Cloud Connections" classname="OpenClusterManagementE2E Suite" time="0.409941608">
          <failure type="Failure">/go/src/github.com/open-cluster-management/open-cluster-management-e2e/cluster_create_test.go:57&#xA;Expected success, but got an error:&#xA;    &lt;*errors.errorString | 0xc0004efe60&gt;: {&#xA;        s: &#34;failed to navigate: request unsuccessful: invalid session id&#34;,&#xA;    }&#xA;    failed to navigate: request unsuccessful: invalid session id&#xA;/go/src/github.com/open-cluster-management/open-cluster-management-e2e/cluster_create_test.go:59</failure>
          <system-out>�[1mSTEP�[0m: redirecting the user to the OpenShift login form&#xA;</system-out>
      </testcase>
    </testsuite>