<?xml version="1.0"?>
<testsuites tests="8" failures="1" errors="0"><testsuite name="Root Suite" timestamp="2020-06-24T12:21:21" tests="0" file="tests/cypress/tests/initialize/03-import.spec.js" time="0.0000" failures="0">
  </testsuite><testsuite name="Cluster" timestamp="2020-06-24T12:21:25" tests="3" time="97.2460" failures="0">
    <testcase name="Cluster import command can be generated for &quot;ds8-aws-444&quot;" time="10.8820" classname="import command can be generated for &quot;ds8-aws-444&quot;">
    </testcase>
    <testcase name="Cluster import command can be applied on &quot;ds8-aws-444&quot;" time="19.5170" classname="import command can be applied on &quot;ds8-aws-444&quot;">
    </testcase>
    <testcase name="Cluster comes to the Ready status - &quot;ds8-aws-444&quot;" time="66.8470" classname="comes to the Ready status - &quot;ds8-aws-444&quot;">
    </testcase>
  </testsuite><testsuite name="Root Suite" timestamp="2020-06-24T12:23:29" tests="0" file="tests/cypress/tests/initialize/04-overview.spec.js" time="0.0000" failures="0">
  </testsuite><testsuite name="Overview" timestamp="2020-06-24T12:23:38" tests="1" time="11.1040" failures="0">
    <testcase name="Overview page should load" time="11.1040" classname="page should load">
    </testcase>
  </testsuite><testsuite name="Root Suite" timestamp="2020-06-24T12:20:35" tests="0" file="tests/cypress/tests/initialize/02-cluster.spec.js" time="0.0000" failures="0">
  </testsuite><testsuite name="Cluster" timestamp="2020-06-24T12:20:38" tests="1" time="33.2120" failures="0">
    <testcase name="Cluster can be created on AWS" time="33.2120" classname="can be created on AWS">
    </testcase>
  </testsuite><testsuite name="Root Suite" timestamp="2020-06-24T12:17:36" tests="0" file="tests/cypress/tests/initialize/01-connection.spec.js" time="0.0000" failures="0">
  </testsuite><testsuite name="Provider connections" timestamp="2020-06-24T12:17:41" tests="3" time="19.1260" failures="1">
    <testcase name="Provider connections page should load" time="7.3830" classname="page should load">
    </testcase>
    <testcase name="Provider connections should be able to be created" time="0.0000" classname="should be able to be created">
      <failure message="Timed out retrying: `cy.click()` failed because this element is `disabled`:

`&lt;button tabindex=&quot;0&quot; class=&quot;bx--btn bx--btn--primary&quot; disabled=&quot;&quot; type=&quot;button&quot;>Go to p...&lt;/button>`

Fix this problem, or use `{force: true}` to disable error checking.

https://on.cypress.io/element-cannot-be-interacted-with" type="CypressError"><![CDATA[CypressError: Timed out retrying: `cy.click()` failed because this element is `disabled`:

`<button tabindex="0" class="bx--btn bx--btn--primary" disabled="" type="button">Go to p...</button>`

Fix this problem, or use `{force: true}` to disable error checking.

https://on.cypress.io/element-cannot-be-interacted-with
    at cypressErr (https://multicloud-console.apps.ds4-aws-444.aws.red-chesterfield.com/__cypress/runner/cypress_runner.js:146621:16)
    at cypressErrByPath (https://multicloud-console.apps.ds4-aws-444.aws.red-chesterfield.com/__cypress/runner/cypress_runner.js:146630:10)
    at Object.throwErrByPath (https://multicloud-console.apps.ds4-aws-444.aws.red-chesterfield.com/__cypress/runner/cypress_runner.js:146593:11)
    at Object.ensureNotDisabled (https://multicloud-console.apps.ds4-aws-444.aws.red-chesterfield.com/__cypress/runner/cypress_runner.js:137570:24)
    at runAllChecks (https://multicloud-console.apps.ds4-aws-444.aws.red-chesterfield.com/__cypress/runner/cypress_runner.js:127486:14)
    at retryActionability (https://multicloud-console.apps.ds4-aws-444.aws.red-chesterfield.com/__cypress/runner/cypress_runner.js:127542:16)
    at tryCatcher (https://multicloud-console.apps.ds4-aws-444.aws.red-chesterfield.com/__cypress/runner/cypress_runner.js:9065:23)
    at Function.Promise.attempt.Promise.try (https://multicloud-console.apps.ds4-aws-444.aws.red-chesterfield.com/__cypress/runner/cypress_runner.js:6339:29)
    at tryFn (https://multicloud-console.apps.ds4-aws-444.aws.red-chesterfield.com/__cypress/runner/cypress_runner.js:140680:21)
    at whenStable (https://multicloud-console.apps.ds4-aws-444.aws.red-chesterfield.com/__cypress/runner/cypress_runner.js:140715:12)
    at https://multicloud-console.apps.ds4-aws-444.aws.red-chesterfield.com/__cypress/runner/cypress_runner.js:140259:16
    at tryCatcher (https://multicloud-console.apps.ds4-aws-444.aws.red-chesterfield.com/__cypress/runner/cypress_runner.js:9065:23)
    at Promise._settlePromiseFromHandler (https://multicloud-console.apps.ds4-aws-444.aws.red-chesterfield.com/__cypress/runner/cypress_runner.js:7000:31)
    at Promise._settlePromise (https://multicloud-console.apps.ds4-aws-444.aws.red-chesterfield.com/__cypress/runner/cypress_runner.js:7057:18)
    at Promise._settlePromise0 (https://multicloud-console.apps.ds4-aws-444.aws.red-chesterfield.com/__cypress/runner/cypress_runner.js:7102:10)
    at Promise._settlePromises (https://multicloud-console.apps.ds4-aws-444.aws.red-chesterfield.com/__cypress/runner/cypress_runner.js:7182:18)]]></failure>
    </testcase>
    <testcase name="Provider connections should be abled to be edited" time="11.7430" classname="should be abled to be edited">
    </testcase>
  </testsuite></testsuites>